-------------------------------------------------------------------------------
Test set: edu.junit5.quickstart.MessageUtilTest
-------------------------------------------------------------------------------
Tests run: 1, Failures: 1, Errors: 0, Skipped: 0, Time elapsed: 0.018 s <<< FAILURE! - in edu.junit5.quickstart.MessageUtilTest
testPrintMessage  Time elapsed: 0.013 s  <<< FAILURE!
org.opentest4j.AssertionFailedError: expected: <New World> but was: <Hello World>
	at edu.junit5.quickstart.MessageUtilTest.testPrintMessage(MessageUtilTest.java:14)

